2020-12-27 20:00:26.887 [main] INFO  com.lz.ht.CbootApplication - Starting CbootApplication on LAPTOP-1VNU7HIU with PID 56356 (D:\qq_xiazaiwenjian\Java\cboot\target\classes started by Phil in D:\qq_xiazaiwenjian\Java\cboot)
2020-12-27 20:00:26.890 [main] INFO  com.lz.ht.CbootApplication - No active profile set, falling back to default profiles: default
2020-12-27 20:00:27.876 [main] INFO  o.s.c.s.PostProcessorRegistrationDelegate$BeanPostProcessorChecker - Bean 'org.apache.shiro.spring.boot.autoconfigure.ShiroBeanAutoConfiguration' of type [org.apache.shiro.spring.boot.autoconfigure.ShiroBeanAutoConfiguration$$EnhancerBySpringCGLIB$$c04f72fc] is not eligible for getting processed by all BeanPostProcessors (for example: not eligible for auto-proxying)
2020-12-27 20:00:27.920 [main] INFO  o.s.c.s.PostProcessorRegistrationDelegate$BeanPostProcessorChecker - Bean 'org.apache.shiro.spring.boot.autoconfigure.ShiroAnnotationProcessorAutoConfiguration' of type [org.apache.shiro.spring.boot.autoconfigure.ShiroAnnotationProcessorAutoConfiguration$$EnhancerBySpringCGLIB$$c2e2b1a1] is not eligible for getting processed by all BeanPostProcessors (for example: not eligible for auto-proxying)
2020-12-27 20:00:27.925 [main] INFO  o.s.c.s.PostProcessorRegistrationDelegate$BeanPostProcessorChecker - Bean 'shiroConfig' of type [com.lz.ht.configuration.ShiroConfig$$EnhancerBySpringCGLIB$$9198f33d] is not eligible for getting processed by all BeanPostProcessors (for example: not eligible for auto-proxying)
2020-12-27 20:00:27.933 [main] INFO  o.s.c.s.PostProcessorRegistrationDelegate$BeanPostProcessorChecker - Bean 'org.springframework.transaction.annotation.ProxyTransactionManagementConfiguration' of type [org.springframework.transaction.annotation.ProxyTransactionManagementConfiguration$$EnhancerBySpringCGLIB$$ad36954c] is not eligible for getting processed by all BeanPostProcessors (for example: not eligible for auto-proxying)
2020-12-27 20:00:28.046 [main] INFO  o.s.c.s.PostProcessorRegistrationDelegate$BeanPostProcessorChecker - Bean 'druidConfig' of type [com.lz.ht.configuration.DruidConfig$$EnhancerBySpringCGLIB$$e63f56ae] is not eligible for getting processed by all BeanPostProcessors (for example: not eligible for auto-proxying)
2020-12-27 20:00:28.097 [main] INFO  o.s.c.s.PostProcessorRegistrationDelegate$BeanPostProcessorChecker - Bean 'mybatis-org.mybatis.spring.boot.autoconfigure.MybatisProperties' of type [org.mybatis.spring.boot.autoconfigure.MybatisProperties] is not eligible for getting processed by all BeanPostProcessors (for example: not eligible for auto-proxying)
2020-12-27 20:00:28.104 [main] INFO  o.s.c.s.PostProcessorRegistrationDelegate$BeanPostProcessorChecker - Bean 'org.mybatis.spring.boot.autoconfigure.MybatisAutoConfiguration' of type [org.mybatis.spring.boot.autoconfigure.MybatisAutoConfiguration$$EnhancerBySpringCGLIB$$e00ae67c] is not eligible for getting processed by all BeanPostProcessors (for example: not eligible for auto-proxying)
2020-12-27 20:00:28.363 [main] INFO  com.alibaba.druid.pool.DruidDataSource - {dataSource-1} inited
2020-12-27 20:00:28.363 [main] INFO  o.s.c.s.PostProcessorRegistrationDelegate$BeanPostProcessorChecker - Bean 'dataSource' of type [com.alibaba.druid.pool.DruidDataSource] is not eligible for getting processed by all BeanPostProcessors (for example: not eligible for auto-proxying)
2020-12-27 20:00:28.370 [main] INFO  o.s.c.s.PostProcessorRegistrationDelegate$BeanPostProcessorChecker - Bean 'spring.datasource-org.springframework.boot.autoconfigure.jdbc.DataSourceProperties' of type [org.springframework.boot.autoconfigure.jdbc.DataSourceProperties] is not eligible for getting processed by all BeanPostProcessors (for example: not eligible for auto-proxying)
2020-12-27 20:00:28.373 [main] INFO  o.s.c.s.PostProcessorRegistrationDelegate$BeanPostProcessorChecker - Bean 'org.springframework.boot.autoconfigure.jdbc.DataSourceInitializerInvoker' of type [org.springframework.boot.autoconfigure.jdbc.DataSourceInitializerInvoker] is not eligible for getting processed by all BeanPostProcessors (for example: not eligible for auto-proxying)
2020-12-27 20:00:28.557 [main] INFO  o.s.c.s.PostProcessorRegistrationDelegate$BeanPostProcessorChecker - Bean 'sqlSessionFactory' of type [org.apache.ibatis.session.defaults.DefaultSqlSessionFactory] is not eligible for getting processed by all BeanPostProcessors (for example: not eligible for auto-proxying)
2020-12-27 20:00:28.559 [main] INFO  o.s.c.s.PostProcessorRegistrationDelegate$BeanPostProcessorChecker - Bean 'sqlSessionTemplate' of type [org.mybatis.spring.SqlSessionTemplate] is not eligible for getting processed by all BeanPostProcessors (for example: not eligible for auto-proxying)
2020-12-27 20:00:28.560 [main] INFO  com.lz.ht.configuration.DruidConfig - -------------SqlMapper ------------
2020-12-27 20:00:28.560 [main] INFO  o.s.c.s.PostProcessorRegistrationDelegate$BeanPostProcessorChecker - Bean 'sqlMapper' of type [com.github.abel533.sql.SqlMapper] is not eligible for getting processed by all BeanPostProcessors (for example: not eligible for auto-proxying)
2020-12-27 20:00:28.568 [main] INFO  o.s.c.s.PostProcessorRegistrationDelegate$BeanPostProcessorChecker - Bean 'userMapper' of type [org.mybatis.spring.mapper.MapperFactoryBean] is not eligible for getting processed by all BeanPostProcessors (for example: not eligible for auto-proxying)
2020-12-27 20:00:28.569 [main] INFO  o.s.c.s.PostProcessorRegistrationDelegate$BeanPostProcessorChecker - Bean 'userMapper' of type [com.sun.proxy.$Proxy65] is not eligible for getting processed by all BeanPostProcessors (for example: not eligible for auto-proxying)
2020-12-27 20:00:28.572 [main] INFO  o.s.c.s.PostProcessorRegistrationDelegate$BeanPostProcessorChecker - Bean 'userRoleMapper' of type [org.mybatis.spring.mapper.MapperFactoryBean] is not eligible for getting processed by all BeanPostProcessors (for example: not eligible for auto-proxying)
2020-12-27 20:00:28.572 [main] INFO  o.s.c.s.PostProcessorRegistrationDelegate$BeanPostProcessorChecker - Bean 'userRoleMapper' of type [com.sun.proxy.$Proxy66] is not eligible for getting processed by all BeanPostProcessors (for example: not eligible for auto-proxying)
2020-12-27 20:00:28.573 [main] INFO  o.s.c.s.PostProcessorRegistrationDelegate$BeanPostProcessorChecker - Bean 'userServiceImpl' of type [com.lz.ht.service.serviceImpl.UserServiceImpl] is not eligible for getting processed by all BeanPostProcessors (for example: not eligible for auto-proxying)
2020-12-27 20:00:28.577 [main] INFO  o.s.c.s.PostProcessorRegistrationDelegate$BeanPostProcessorChecker - Bean 'roleResourcesMapper' of type [org.mybatis.spring.mapper.MapperFactoryBean] is not eligible for getting processed by all BeanPostProcessors (for example: not eligible for auto-proxying)
2020-12-27 20:00:28.578 [main] INFO  o.s.c.s.PostProcessorRegistrationDelegate$BeanPostProcessorChecker - Bean 'roleResourcesMapper' of type [com.sun.proxy.$Proxy69] is not eligible for getting processed by all BeanPostProcessors (for example: not eligible for auto-proxying)
2020-12-27 20:00:28.578 [main] INFO  o.s.c.s.PostProcessorRegistrationDelegate$BeanPostProcessorChecker - Bean 'roleResourcesServiceImpl' of type [com.lz.ht.service.serviceImpl.RoleResourcesServiceImpl] is not eligible for getting processed by all BeanPostProcessors (for example: not eligible for auto-proxying)
2020-12-27 20:00:28.580 [main] INFO  o.s.c.s.PostProcessorRegistrationDelegate$BeanPostProcessorChecker - Bean 'userRoleServiceImpl' of type [com.lz.ht.service.serviceImpl.UserRoleServiceImpl] is not eligible for getting processed by all BeanPostProcessors (for example: not eligible for auto-proxying)
2020-12-27 20:00:28.581 [main] INFO  o.s.c.s.PostProcessorRegistrationDelegate$BeanPostProcessorChecker - Bean 'customRealm' of type [com.lz.ht.realm.CustomRealm] is not eligible for getting processed by all BeanPostProcessors (for example: not eligible for auto-proxying)
2020-12-27 20:00:28.583 [main] INFO  o.s.c.s.PostProcessorRegistrationDelegate$BeanPostProcessorChecker - Bean 'securityManager' of type [org.apache.shiro.web.mgt.DefaultWebSecurityManager] is not eligible for getting processed by all BeanPostProcessors (for example: not eligible for auto-proxying)
2020-12-27 20:00:28.588 [main] INFO  o.s.c.s.PostProcessorRegistrationDelegate$BeanPostProcessorChecker - Bean 'authorizationAttributeSourceAdvisor' of type [org.apache.shiro.spring.security.interceptor.AuthorizationAttributeSourceAdvisor] is not eligible for getting processed by all BeanPostProcessors (for example: not eligible for auto-proxying)
2020-12-27 20:00:28.604 [main] INFO  o.s.c.s.PostProcessorRegistrationDelegate$BeanPostProcessorChecker - Bean 'eventBus' of type [org.apache.shiro.event.support.DefaultEventBus] is not eligible for getting processed by all BeanPostProcessors (for example: not eligible for auto-proxying)
2020-12-27 20:00:28.821 [main] INFO  o.s.boot.web.embedded.tomcat.TomcatWebServer - Tomcat initialized with port(s): 8080 (http)
2020-12-27 20:00:28.847 [main] INFO  org.apache.coyote.http11.Http11NioProtocol - Initializing ProtocolHandler ["http-nio-8080"]
2020-12-27 20:00:29.107 [main] INFO  org.apache.catalina.core.StandardService - Starting service [Tomcat]
2020-12-27 20:00:29.108 [main] INFO  org.apache.catalina.core.StandardEngine - Starting Servlet engine: [Apache Tomcat/9.0.22]
2020-12-27 20:00:29.256 [main] INFO  o.a.c.core.ContainerBase.[Tomcat].[localhost].[/] - Initializing Spring embedded WebApplicationContext
2020-12-27 20:00:29.256 [main] INFO  org.springframework.web.context.ContextLoader - Root WebApplicationContext: initialization completed in 2308 ms
2020-12-27 20:00:29.591 [main] INFO  o.s.boot.web.servlet.RegistrationBean - Filter webStatFilter was not registered (possibly already registered?)
2020-12-27 20:00:29.594 [main] INFO  o.s.boot.web.servlet.RegistrationBean - Servlet statViewServlet was not registered (possibly already registered?)
2020-12-27 20:00:29.729 [main] INFO  com.lz.ht.constant.SysConstant - ***********SYSTEM_CONFIGS***********
2020-12-27 20:00:29.729 [main] INFO  com.lz.ht.constant.SysConstant - [com.lz.ht.model.SysConfig@1859ffda, com.lz.ht.model.SysConfig@59838256]
2020-12-27 20:00:29.729 [main] INFO  com.lz.ht.constant.SysConstant - ***********SYSTEM_CONFIGS***********
2020-12-27 20:00:29.887 [main] INFO  org.quartz.impl.StdSchedulerFactory - Using default implementation for ThreadExecutor
2020-12-27 20:00:29.889 [main] INFO  org.quartz.simpl.SimpleThreadPool - Job execution threads will use class loader of thread: main
2020-12-27 20:00:29.898 [main] INFO  org.quartz.core.SchedulerSignalerImpl - Initialized Scheduler Signaller of type: class org.quartz.core.SchedulerSignalerImpl
2020-12-27 20:00:29.898 [main] INFO  org.quartz.core.QuartzScheduler - Quartz Scheduler v.2.3.1 created.
2020-12-27 20:00:29.899 [main] INFO  org.quartz.simpl.RAMJobStore - RAMJobStore initialized.
2020-12-27 20:00:29.899 [main] INFO  org.quartz.core.QuartzScheduler - Scheduler meta-data: Quartz Scheduler (v2.3.1) 'DefaultQuartzScheduler' with instanceId 'NON_CLUSTERED'
  Scheduler class: 'org.quartz.core.QuartzScheduler' - running locally.
  NOT STARTED.
  Currently in standby mode.
  Number of jobs executed: 0
  Using thread pool 'org.quartz.simpl.SimpleThreadPool' - with 10 threads.
  Using job-store 'org.quartz.simpl.RAMJobStore' - which does not support persistence. and is not clustered.

2020-12-27 20:00:29.899 [main] INFO  org.quartz.impl.StdSchedulerFactory - Quartz scheduler 'DefaultQuartzScheduler' initialized from default resource file in Quartz package: 'quartz.properties'
2020-12-27 20:00:29.899 [main] INFO  org.quartz.impl.StdSchedulerFactory - Quartz scheduler version: 2.3.1
2020-12-27 20:00:30.058 [main] INFO  o.s.scheduling.concurrent.ThreadPoolTaskExecutor - Initializing ExecutorService 'applicationTaskExecutor'
2020-12-27 20:00:30.565 [main] INFO  org.quartz.impl.StdSchedulerFactory - Using default implementation for ThreadExecutor
2020-12-27 20:00:30.566 [main] INFO  org.quartz.core.SchedulerSignalerImpl - Initialized Scheduler Signaller of type: class org.quartz.core.SchedulerSignalerImpl
2020-12-27 20:00:30.566 [main] INFO  org.quartz.core.QuartzScheduler - Quartz Scheduler v.2.3.1 created.
2020-12-27 20:00:30.566 [main] INFO  org.quartz.simpl.RAMJobStore - RAMJobStore initialized.
2020-12-27 20:00:30.566 [main] INFO  org.quartz.core.QuartzScheduler - Scheduler meta-data: Quartz Scheduler (v2.3.1) 'quartzScheduler' with instanceId 'NON_CLUSTERED'
  Scheduler class: 'org.quartz.core.QuartzScheduler' - running locally.
  NOT STARTED.
  Currently in standby mode.
  Number of jobs executed: 0
  Using thread pool 'org.quartz.simpl.SimpleThreadPool' - with 10 threads.
  Using job-store 'org.quartz.simpl.RAMJobStore' - which does not support persistence. and is not clustered.

2020-12-27 20:00:30.566 [main] INFO  org.quartz.impl.StdSchedulerFactory - Quartz scheduler 'quartzScheduler' initialized from an externally provided properties instance.
2020-12-27 20:00:30.566 [main] INFO  org.quartz.impl.StdSchedulerFactory - Quartz scheduler version: 2.3.1
2020-12-27 20:00:30.566 [main] INFO  org.quartz.core.QuartzScheduler - JobFactory set to: org.springframework.scheduling.quartz.SpringBeanJobFactory@10817f46
2020-12-27 20:00:30.599 [main] INFO  o.s.b.actuate.endpoint.web.EndpointLinksResolver - Exposing 2 endpoint(s) beneath base path '/actuator'
2020-12-27 20:00:30.647 [main] INFO  o.s.scheduling.quartz.SchedulerFactoryBean - Starting Quartz Scheduler now
2020-12-27 20:00:30.647 [main] INFO  org.quartz.core.QuartzScheduler - Scheduler quartzScheduler_$_NON_CLUSTERED started.
2020-12-27 20:00:30.667 [main] INFO  org.apache.coyote.http11.Http11NioProtocol - Starting ProtocolHandler ["http-nio-8080"]
2020-12-27 20:00:30.688 [main] INFO  o.s.boot.web.embedded.tomcat.TomcatWebServer - Tomcat started on port(s): 8080 (http) with context path ''
2020-12-27 20:00:30.690 [main] INFO  com.lz.ht.CbootApplication - Started CbootApplication in 4.108 seconds (JVM running for 4.895)
2020-12-27 20:00:31.415 [RMI TCP Connection(3)-172.18.33.113] INFO  o.a.c.core.ContainerBase.[Tomcat].[localhost].[/] - Initializing Spring DispatcherServlet 'dispatcherServlet'
2020-12-27 20:00:31.415 [RMI TCP Connection(3)-172.18.33.113] INFO  org.springframework.web.servlet.DispatcherServlet - Initializing Servlet 'dispatcherServlet'
2020-12-27 20:00:31.422 [RMI TCP Connection(3)-172.18.33.113] INFO  org.springframework.web.servlet.DispatcherServlet - Completed initialization in 7 ms
2020-12-27 20:00:40.926 [http-nio-8080-exec-9] INFO  com.lz.ht.base.BaseController - /login
2020-12-27 20:00:40.926 [http-nio-8080-exec-9] INFO  com.lz.ht.base.BaseController - /login
2020-12-27 20:00:41.115 [http-nio-8080-exec-9] INFO  com.lz.ht.base.BaseController - /login
2020-12-27 20:00:41.118 [http-nio-8080-exec-9] INFO  com.lz.ht.base.BaseController - /login
